31-Mar-2016 09:45:44.083 INFO [main] org.apache.catalina.startup.VersionLoggerListener.log Server version:        Apache Tomcat/8.0.33
31-Mar-2016 09:45:44.085 INFO [main] org.apache.catalina.startup.VersionLoggerListener.log Server built:          Mar 18 2016 20:31:49 UTC
31-Mar-2016 09:45:44.085 INFO [main] org.apache.catalina.startup.VersionLoggerListener.log Server number:         8.0.33.0
31-Mar-2016 09:45:44.085 INFO [main] org.apache.catalina.startup.VersionLoggerListener.log OS Name:               Mac OS X
31-Mar-2016 09:45:44.085 INFO [main] org.apache.catalina.startup.VersionLoggerListener.log OS Version:            10.11.3
31-Mar-2016 09:45:44.085 INFO [main] org.apache.catalina.startup.VersionLoggerListener.log Architecture:          x86_64
31-Mar-2016 09:45:44.085 INFO [main] org.apache.catalina.startup.VersionLoggerListener.log Java Home:             /Library/Java/JavaVirtualMachines/jdk1.8.0_74.jdk/Contents/Home/jre
31-Mar-2016 09:45:44.086 INFO [main] org.apache.catalina.startup.VersionLoggerListener.log JVM Version:           1.8.0_74-b02
31-Mar-2016 09:45:44.086 INFO [main] org.apache.catalina.startup.VersionLoggerListener.log JVM Vendor:            Oracle Corporation
31-Mar-2016 09:45:44.086 INFO [main] org.apache.catalina.startup.VersionLoggerListener.log CATALINA_BASE:         /Users/maxymratoshniuk/Desktop/tomcat
31-Mar-2016 09:45:44.086 INFO [main] org.apache.catalina.startup.VersionLoggerListener.log CATALINA_HOME:         /Users/maxymratoshniuk/Desktop/tomcat
31-Mar-2016 09:45:44.087 INFO [main] org.apache.catalina.startup.VersionLoggerListener.log Command line argument: -Djava.util.logging.config.file=/Users/maxymratoshniuk/Desktop/tomcat/conf/logging.properties
31-Mar-2016 09:45:44.087 INFO [main] org.apache.catalina.startup.VersionLoggerListener.log Command line argument: -Djava.util.logging.manager=org.apache.juli.ClassLoaderLogManager
31-Mar-2016 09:45:44.087 INFO [main] org.apache.catalina.startup.VersionLoggerListener.log Command line argument: -Djava.endorsed.dirs=/Users/maxymratoshniuk/Desktop/tomcat/endorsed
31-Mar-2016 09:45:44.087 INFO [main] org.apache.catalina.startup.VersionLoggerListener.log Command line argument: -Dcatalina.base=/Users/maxymratoshniuk/Desktop/tomcat
31-Mar-2016 09:45:44.087 INFO [main] org.apache.catalina.startup.VersionLoggerListener.log Command line argument: -Dcatalina.home=/Users/maxymratoshniuk/Desktop/tomcat
31-Mar-2016 09:45:44.087 INFO [main] org.apache.catalina.startup.VersionLoggerListener.log Command line argument: -Djava.io.tmpdir=/Users/maxymratoshniuk/Desktop/tomcat/temp
31-Mar-2016 09:45:44.088 INFO [main] org.apache.catalina.core.AprLifecycleListener.lifecycleEvent The APR based Apache Tomcat Native library which allows optimal performance in production environments was not found on the java.library.path: /Users/maxymratoshniuk/Library/Java/Extensions:/Library/Java/Extensions:/Network/Library/Java/Extensions:/System/Library/Java/Extensions:/usr/lib/java:.
31-Mar-2016 09:45:44.363 INFO [main] org.apache.coyote.AbstractProtocol.init Initializing ProtocolHandler ["http-nio-8080"]
31-Mar-2016 09:45:44.433 INFO [main] org.apache.tomcat.util.net.NioSelectorPool.getSharedSelector Using a shared selector for servlet write/read
31-Mar-2016 09:45:44.437 INFO [main] org.apache.coyote.AbstractProtocol.init Initializing ProtocolHandler ["ajp-nio-8009"]
31-Mar-2016 09:45:44.439 INFO [main] org.apache.tomcat.util.net.NioSelectorPool.getSharedSelector Using a shared selector for servlet write/read
31-Mar-2016 09:45:44.440 INFO [main] org.apache.catalina.startup.Catalina.load Initialization processed in 1014 ms
31-Mar-2016 09:45:44.481 INFO [main] org.apache.catalina.core.StandardService.startInternal Starting service Catalina
31-Mar-2016 09:45:44.482 INFO [main] org.apache.catalina.core.StandardEngine.startInternal Starting Servlet Engine: Apache Tomcat/8.0.33
31-Mar-2016 09:45:44.497 INFO [localhost-startStop-1] org.apache.catalina.startup.HostConfig.deployDirectory Deploying web application directory /Users/maxymratoshniuk/Desktop/tomcat/webapps/docs
31-Mar-2016 09:45:44.903 INFO [localhost-startStop-1] org.apache.catalina.startup.HostConfig.deployDirectory Deployment of web application directory /Users/maxymratoshniuk/Desktop/tomcat/webapps/docs has finished in 405 ms
31-Mar-2016 09:45:44.904 INFO [localhost-startStop-1] org.apache.catalina.startup.HostConfig.deployDirectory Deploying web application directory /Users/maxymratoshniuk/Desktop/tomcat/webapps/examples
31-Mar-2016 09:45:45.682 INFO [localhost-startStop-1] org.apache.catalina.startup.HostConfig.deployDirectory Deployment of web application directory /Users/maxymratoshniuk/Desktop/tomcat/webapps/examples has finished in 778 ms
31-Mar-2016 09:45:45.683 INFO [localhost-startStop-1] org.apache.catalina.startup.HostConfig.deployDirectory Deploying web application directory /Users/maxymratoshniuk/Desktop/tomcat/webapps/host-manager
31-Mar-2016 09:45:45.837 INFO [localhost-startStop-1] org.apache.catalina.startup.HostConfig.deployDirectory Deployment of web application directory /Users/maxymratoshniuk/Desktop/tomcat/webapps/host-manager has finished in 154 ms
31-Mar-2016 09:45:45.838 INFO [localhost-startStop-1] org.apache.catalina.startup.HostConfig.deployDirectory Deploying web application directory /Users/maxymratoshniuk/Desktop/tomcat/webapps/manager
31-Mar-2016 09:45:45.901 INFO [localhost-startStop-1] org.apache.catalina.startup.HostConfig.deployDirectory Deployment of web application directory /Users/maxymratoshniuk/Desktop/tomcat/webapps/manager has finished in 62 ms
31-Mar-2016 09:45:45.901 INFO [localhost-startStop-1] org.apache.catalina.startup.HostConfig.deployDirectory Deploying web application directory /Users/maxymratoshniuk/Desktop/tomcat/webapps/ROOT
31-Mar-2016 09:45:52.497 INFO [localhost-startStop-1] org.apache.jasper.servlet.TldScanner.scanJars At least one JAR was scanned for TLDs yet contained no TLDs. Enable debug logging for this logger for a complete list of JARs that were scanned but no TLDs were found in them. Skipping unneeded JARs during scanning can improve startup time and JSP compilation time.
31-Mar-2016 09:45:55.313 INFO [localhost-startStop-1] org.apache.catalina.startup.HostConfig.deployDirectory Deployment of web application directory /Users/maxymratoshniuk/Desktop/tomcat/webapps/ROOT has finished in 9,412 ms
31-Mar-2016 09:45:55.320 INFO [main] org.apache.coyote.AbstractProtocol.start Starting ProtocolHandler ["http-nio-8080"]
31-Mar-2016 09:45:55.328 INFO [main] org.apache.coyote.AbstractProtocol.start Starting ProtocolHandler ["ajp-nio-8009"]
31-Mar-2016 09:45:55.329 INFO [main] org.apache.catalina.startup.Catalina.start Server startup in 10889 ms
31-Mar-2016 09:46:10.750 INFO [main] org.apache.catalina.startup.VersionLoggerListener.log Server version:        Apache Tomcat/8.0.33
31-Mar-2016 09:46:10.754 INFO [main] org.apache.catalina.startup.VersionLoggerListener.log Server built:          Mar 18 2016 20:31:49 UTC
31-Mar-2016 09:46:10.754 INFO [main] org.apache.catalina.startup.VersionLoggerListener.log Server number:         8.0.33.0
31-Mar-2016 09:46:10.754 INFO [main] org.apache.catalina.startup.VersionLoggerListener.log OS Name:               Mac OS X
31-Mar-2016 09:46:10.754 INFO [main] org.apache.catalina.startup.VersionLoggerListener.log OS Version:            10.11.3
31-Mar-2016 09:46:10.754 INFO [main] org.apache.catalina.startup.VersionLoggerListener.log Architecture:          x86_64
31-Mar-2016 09:46:10.755 INFO [main] org.apache.catalina.startup.VersionLoggerListener.log Java Home:             /Library/Java/JavaVirtualMachines/jdk1.8.0_74.jdk/Contents/Home/jre
31-Mar-2016 09:46:10.755 INFO [main] org.apache.catalina.startup.VersionLoggerListener.log JVM Version:           1.8.0_74-b02
31-Mar-2016 09:46:10.755 INFO [main] org.apache.catalina.startup.VersionLoggerListener.log JVM Vendor:            Oracle Corporation
31-Mar-2016 09:46:10.756 INFO [main] org.apache.catalina.startup.VersionLoggerListener.log CATALINA_BASE:         /Users/maxymratoshniuk/Desktop/tomcat
31-Mar-2016 09:46:10.756 INFO [main] org.apache.catalina.startup.VersionLoggerListener.log CATALINA_HOME:         /Users/maxymratoshniuk/Desktop/tomcat
31-Mar-2016 09:46:10.757 INFO [main] org.apache.catalina.startup.VersionLoggerListener.log Command line argument: -Djava.util.logging.config.file=/Users/maxymratoshniuk/Desktop/tomcat/conf/logging.properties
31-Mar-2016 09:46:10.758 INFO [main] org.apache.catalina.startup.VersionLoggerListener.log Command line argument: -Djava.util.logging.manager=org.apache.juli.ClassLoaderLogManager
31-Mar-2016 09:46:10.758 INFO [main] org.apache.catalina.startup.VersionLoggerListener.log Command line argument: -Djava.endorsed.dirs=/Users/maxymratoshniuk/Desktop/tomcat/endorsed
31-Mar-2016 09:46:10.758 INFO [main] org.apache.catalina.startup.VersionLoggerListener.log Command line argument: -Dcatalina.base=/Users/maxymratoshniuk/Desktop/tomcat
31-Mar-2016 09:46:10.758 INFO [main] org.apache.catalina.startup.VersionLoggerListener.log Command line argument: -Dcatalina.home=/Users/maxymratoshniuk/Desktop/tomcat
31-Mar-2016 09:46:10.758 INFO [main] org.apache.catalina.startup.VersionLoggerListener.log Command line argument: -Djava.io.tmpdir=/Users/maxymratoshniuk/Desktop/tomcat/temp
31-Mar-2016 09:46:10.759 INFO [main] org.apache.catalina.core.AprLifecycleListener.lifecycleEvent The APR based Apache Tomcat Native library which allows optimal performance in production environments was not found on the java.library.path: /Users/maxymratoshniuk/Library/Java/Extensions:/Library/Java/Extensions:/Network/Library/Java/Extensions:/System/Library/Java/Extensions:/usr/lib/java:.
31-Mar-2016 09:46:11.007 INFO [main] org.apache.coyote.AbstractProtocol.init Initializing ProtocolHandler ["http-nio-8080"]
31-Mar-2016 09:46:11.040 SEVERE [main] org.apache.coyote.AbstractProtocol.init Failed to initialize end point associated with ProtocolHandler ["http-nio-8080"]
 java.net.BindException: Address already in use
	at sun.nio.ch.Net.bind0(Native Method)
	at sun.nio.ch.Net.bind(Net.java:433)
	at sun.nio.ch.Net.bind(Net.java:425)
	at sun.nio.ch.ServerSocketChannelImpl.bind(ServerSocketChannelImpl.java:223)
	at sun.nio.ch.ServerSocketAdaptor.bind(ServerSocketAdaptor.java:74)
	at org.apache.tomcat.util.net.NioEndpoint.bind(NioEndpoint.java:340)
	at org.apache.tomcat.util.net.AbstractEndpoint.init(AbstractEndpoint.java:750)
	at org.apache.coyote.AbstractProtocol.init(AbstractProtocol.java:458)
	at org.apache.coyote.http11.AbstractHttp11JsseProtocol.init(AbstractHttp11JsseProtocol.java:120)
	at org.apache.catalina.connector.Connector.initInternal(Connector.java:960)
	at org.apache.catalina.util.LifecycleBase.init(LifecycleBase.java:102)
	at org.apache.catalina.core.StandardService.initInternal(StandardService.java:568)
	at org.apache.catalina.util.LifecycleBase.init(LifecycleBase.java:102)
	at org.apache.catalina.core.StandardServer.initInternal(StandardServer.java:869)
	at org.apache.catalina.util.LifecycleBase.init(LifecycleBase.java:102)
	at org.apache.catalina.startup.Catalina.load(Catalina.java:580)
	at org.apache.catalina.startup.Catalina.load(Catalina.java:603)
	at sun.reflect.NativeMethodAccessorImpl.invoke0(Native Method)
	at sun.reflect.NativeMethodAccessorImpl.invoke(NativeMethodAccessorImpl.java:62)
	at sun.reflect.DelegatingMethodAccessorImpl.invoke(DelegatingMethodAccessorImpl.java:43)
	at java.lang.reflect.Method.invoke(Method.java:498)
	at org.apache.catalina.startup.Bootstrap.load(Bootstrap.java:310)
	at org.apache.catalina.startup.Bootstrap.main(Bootstrap.java:484)

31-Mar-2016 09:46:11.042 SEVERE [main] org.apache.catalina.core.StandardService.initInternal Failed to initialize connector [Connector[HTTP/1.1-8080]]
 org.apache.catalina.LifecycleException: Failed to initialize component [Connector[HTTP/1.1-8080]]
	at org.apache.catalina.util.LifecycleBase.init(LifecycleBase.java:106)
	at org.apache.catalina.core.StandardService.initInternal(StandardService.java:568)
	at org.apache.catalina.util.LifecycleBase.init(LifecycleBase.java:102)
	at org.apache.catalina.core.StandardServer.initInternal(StandardServer.java:869)
	at org.apache.catalina.util.LifecycleBase.init(LifecycleBase.java:102)
	at org.apache.catalina.startup.Catalina.load(Catalina.java:580)
	at org.apache.catalina.startup.Catalina.load(Catalina.java:603)
	at sun.reflect.NativeMethodAccessorImpl.invoke0(Native Method)
	at sun.reflect.NativeMethodAccessorImpl.invoke(NativeMethodAccessorImpl.java:62)
	at sun.reflect.DelegatingMethodAccessorImpl.invoke(DelegatingMethodAccessorImpl.java:43)
	at java.lang.reflect.Method.invoke(Method.java:498)
	at org.apache.catalina.startup.Bootstrap.load(Bootstrap.java:310)
	at org.apache.catalina.startup.Bootstrap.main(Bootstrap.java:484)
Caused by: org.apache.catalina.LifecycleException: Protocol handler initialization failed
	at org.apache.catalina.connector.Connector.initInternal(Connector.java:962)
	at org.apache.catalina.util.LifecycleBase.init(LifecycleBase.java:102)
	... 12 more
Caused by: java.net.BindException: Address already in use
	at sun.nio.ch.Net.bind0(Native Method)
	at sun.nio.ch.Net.bind(Net.java:433)
	at sun.nio.ch.Net.bind(Net.java:425)
	at sun.nio.ch.ServerSocketChannelImpl.bind(ServerSocketChannelImpl.java:223)
	at sun.nio.ch.ServerSocketAdaptor.bind(ServerSocketAdaptor.java:74)
	at org.apache.tomcat.util.net.NioEndpoint.bind(NioEndpoint.java:340)
	at org.apache.tomcat.util.net.AbstractEndpoint.init(AbstractEndpoint.java:750)
	at org.apache.coyote.AbstractProtocol.init(AbstractProtocol.java:458)
	at org.apache.coyote.http11.AbstractHttp11JsseProtocol.init(AbstractHttp11JsseProtocol.java:120)
	at org.apache.catalina.connector.Connector.initInternal(Connector.java:960)
	... 13 more

31-Mar-2016 09:46:11.043 INFO [main] org.apache.coyote.AbstractProtocol.init Initializing ProtocolHandler ["ajp-nio-8009"]
31-Mar-2016 09:46:11.045 SEVERE [main] org.apache.coyote.AbstractProtocol.init Failed to initialize end point associated with ProtocolHandler ["ajp-nio-8009"]
 java.net.BindException: Address already in use
	at sun.nio.ch.Net.bind0(Native Method)
	at sun.nio.ch.Net.bind(Net.java:433)
	at sun.nio.ch.Net.bind(Net.java:425)
	at sun.nio.ch.ServerSocketChannelImpl.bind(ServerSocketChannelImpl.java:223)
	at sun.nio.ch.ServerSocketAdaptor.bind(ServerSocketAdaptor.java:74)
	at org.apache.tomcat.util.net.NioEndpoint.bind(NioEndpoint.java:340)
	at org.apache.tomcat.util.net.AbstractEndpoint.init(AbstractEndpoint.java:750)
	at org.apache.coyote.AbstractProtocol.init(AbstractProtocol.java:458)
	at org.apache.catalina.connector.Connector.initInternal(Connector.java:960)
	at org.apache.catalina.util.LifecycleBase.init(LifecycleBase.java:102)
	at org.apache.catalina.core.StandardService.initInternal(StandardService.java:568)
	at org.apache.catalina.util.LifecycleBase.init(LifecycleBase.java:102)
	at org.apache.catalina.core.StandardServer.initInternal(StandardServer.java:869)
	at org.apache.catalina.util.LifecycleBase.init(LifecycleBase.java:102)
	at org.apache.catalina.startup.Catalina.load(Catalina.java:580)
	at org.apache.catalina.startup.Catalina.load(Catalina.java:603)
	at sun.reflect.NativeMethodAccessorImpl.invoke0(Native Method)
	at sun.reflect.NativeMethodAccessorImpl.invoke(NativeMethodAccessorImpl.java:62)
	at sun.reflect.DelegatingMethodAccessorImpl.invoke(DelegatingMethodAccessorImpl.java:43)
	at java.lang.reflect.Method.invoke(Method.java:498)
	at org.apache.catalina.startup.Bootstrap.load(Bootstrap.java:310)
	at org.apache.catalina.startup.Bootstrap.main(Bootstrap.java:484)

31-Mar-2016 09:46:11.046 SEVERE [main] org.apache.catalina.core.StandardService.initInternal Failed to initialize connector [Connector[AJP/1.3-8009]]
 org.apache.catalina.LifecycleException: Failed to initialize component [Connector[AJP/1.3-8009]]
	at org.apache.catalina.util.LifecycleBase.init(LifecycleBase.java:106)
	at org.apache.catalina.core.StandardService.initInternal(StandardService.java:568)
	at org.apache.catalina.util.LifecycleBase.init(LifecycleBase.java:102)
	at org.apache.catalina.core.StandardServer.initInternal(StandardServer.java:869)
	at org.apache.catalina.util.LifecycleBase.init(LifecycleBase.java:102)
	at org.apache.catalina.startup.Catalina.load(Catalina.java:580)
	at org.apache.catalina.startup.Catalina.load(Catalina.java:603)
	at sun.reflect.NativeMethodAccessorImpl.invoke0(Native Method)
	at sun.reflect.NativeMethodAccessorImpl.invoke(NativeMethodAccessorImpl.java:62)
	at sun.reflect.DelegatingMethodAccessorImpl.invoke(DelegatingMethodAccessorImpl.java:43)
	at java.lang.reflect.Method.invoke(Method.java:498)
	at org.apache.catalina.startup.Bootstrap.load(Bootstrap.java:310)
	at org.apache.catalina.startup.Bootstrap.main(Bootstrap.java:484)
Caused by: org.apache.catalina.LifecycleException: Protocol handler initialization failed
	at org.apache.catalina.connector.Connector.initInternal(Connector.java:962)
	at org.apache.catalina.util.LifecycleBase.init(LifecycleBase.java:102)
	... 12 more
Caused by: java.net.BindException: Address already in use
	at sun.nio.ch.Net.bind0(Native Method)
	at sun.nio.ch.Net.bind(Net.java:433)
	at sun.nio.ch.Net.bind(Net.java:425)
	at sun.nio.ch.ServerSocketChannelImpl.bind(ServerSocketChannelImpl.java:223)
	at sun.nio.ch.ServerSocketAdaptor.bind(ServerSocketAdaptor.java:74)
	at org.apache.tomcat.util.net.NioEndpoint.bind(NioEndpoint.java:340)
	at org.apache.tomcat.util.net.AbstractEndpoint.init(AbstractEndpoint.java:750)
	at org.apache.coyote.AbstractProtocol.init(AbstractProtocol.java:458)
	at org.apache.catalina.connector.Connector.initInternal(Connector.java:960)
	... 13 more

31-Mar-2016 09:46:11.049 INFO [main] org.apache.catalina.startup.Catalina.load Initialization processed in 956 ms
31-Mar-2016 09:46:11.102 INFO [main] org.apache.catalina.core.StandardService.startInternal Starting service Catalina
31-Mar-2016 09:46:11.102 INFO [main] org.apache.catalina.core.StandardEngine.startInternal Starting Servlet Engine: Apache Tomcat/8.0.33
31-Mar-2016 09:46:11.112 INFO [localhost-startStop-1] org.apache.catalina.startup.HostConfig.deployDirectory Deploying web application directory /Users/maxymratoshniuk/Desktop/tomcat/webapps/docs
31-Mar-2016 09:46:11.478 INFO [localhost-startStop-1] org.apache.catalina.startup.HostConfig.deployDirectory Deployment of web application directory /Users/maxymratoshniuk/Desktop/tomcat/webapps/docs has finished in 365 ms
31-Mar-2016 09:46:11.480 INFO [localhost-startStop-1] org.apache.catalina.startup.HostConfig.deployDirectory Deploying web application directory /Users/maxymratoshniuk/Desktop/tomcat/webapps/examples
31-Mar-2016 09:46:11.928 INFO [localhost-startStop-1] org.apache.catalina.startup.HostConfig.deployDirectory Deployment of web application directory /Users/maxymratoshniuk/Desktop/tomcat/webapps/examples has finished in 449 ms
31-Mar-2016 09:46:11.929 INFO [localhost-startStop-1] org.apache.catalina.startup.HostConfig.deployDirectory Deploying web application directory /Users/maxymratoshniuk/Desktop/tomcat/webapps/host-manager
31-Mar-2016 09:46:11.961 INFO [localhost-startStop-1] org.apache.catalina.startup.HostConfig.deployDirectory Deployment of web application directory /Users/maxymratoshniuk/Desktop/tomcat/webapps/host-manager has finished in 32 ms
31-Mar-2016 09:46:11.961 INFO [localhost-startStop-1] org.apache.catalina.startup.HostConfig.deployDirectory Deploying web application directory /Users/maxymratoshniuk/Desktop/tomcat/webapps/manager
31-Mar-2016 09:46:11.999 INFO [localhost-startStop-1] org.apache.catalina.startup.HostConfig.deployDirectory Deployment of web application directory /Users/maxymratoshniuk/Desktop/tomcat/webapps/manager has finished in 37 ms
31-Mar-2016 09:46:12.000 INFO [localhost-startStop-1] org.apache.catalina.startup.HostConfig.deployDirectory Deploying web application directory /Users/maxymratoshniuk/Desktop/tomcat/webapps/ROOT
31-Mar-2016 09:46:14.266 INFO [localhost-startStop-1] org.apache.jasper.servlet.TldScanner.scanJars At least one JAR was scanned for TLDs yet contained no TLDs. Enable debug logging for this logger for a complete list of JARs that were scanned but no TLDs were found in them. Skipping unneeded JARs during scanning can improve startup time and JSP compilation time.
31-Mar-2016 09:46:16.473 INFO [localhost-startStop-1] org.apache.catalina.startup.HostConfig.deployDirectory Deployment of web application directory /Users/maxymratoshniuk/Desktop/tomcat/webapps/ROOT has finished in 4,472 ms
31-Mar-2016 09:46:16.477 INFO [main] org.apache.catalina.startup.Catalina.start Server startup in 5427 ms
31-Mar-2016 09:46:16.483 SEVERE [main] org.apache.catalina.core.StandardServer.await StandardServer.await: create[localhost:8005]: 
 java.net.BindException: Address already in use
	at java.net.PlainSocketImpl.socketBind(Native Method)
	at java.net.AbstractPlainSocketImpl.bind(AbstractPlainSocketImpl.java:387)
	at java.net.ServerSocket.bind(ServerSocket.java:375)
	at java.net.ServerSocket.<init>(ServerSocket.java:237)
	at org.apache.catalina.core.StandardServer.await(StandardServer.java:438)
	at org.apache.catalina.startup.Catalina.await(Catalina.java:717)
	at org.apache.catalina.startup.Catalina.start(Catalina.java:663)
	at sun.reflect.NativeMethodAccessorImpl.invoke0(Native Method)
	at sun.reflect.NativeMethodAccessorImpl.invoke(NativeMethodAccessorImpl.java:62)
	at sun.reflect.DelegatingMethodAccessorImpl.invoke(DelegatingMethodAccessorImpl.java:43)
	at java.lang.reflect.Method.invoke(Method.java:498)
	at org.apache.catalina.startup.Bootstrap.start(Bootstrap.java:351)
	at org.apache.catalina.startup.Bootstrap.main(Bootstrap.java:485)

31-Mar-2016 09:46:16.484 INFO [main] org.apache.coyote.AbstractProtocol.pause Pausing ProtocolHandler ["http-nio-8080"]
31-Mar-2016 09:46:16.484 INFO [main] org.apache.coyote.AbstractProtocol.pause Pausing ProtocolHandler ["ajp-nio-8009"]
31-Mar-2016 09:46:16.484 INFO [main] org.apache.catalina.core.StandardService.stopInternal Stopping service Catalina
31-Mar-2016 09:46:16.569 INFO [main] org.apache.coyote.AbstractProtocol.stop Stopping ProtocolHandler ["http-nio-8080"]
31-Mar-2016 09:46:16.570 INFO [main] org.apache.coyote.AbstractProtocol.destroy Destroying ProtocolHandler ["http-nio-8080"]
31-Mar-2016 09:46:16.570 INFO [main] org.apache.coyote.AbstractProtocol.stop Stopping ProtocolHandler ["ajp-nio-8009"]
31-Mar-2016 09:46:16.570 INFO [main] org.apache.coyote.AbstractProtocol.destroy Destroying ProtocolHandler ["ajp-nio-8009"]
31-Mar-2016 09:46:20.188 INFO [main] org.apache.catalina.core.StandardServer.await A valid shutdown command was received via the shutdown port. Stopping the Server instance.
31-Mar-2016 09:46:20.188 INFO [main] org.apache.coyote.AbstractProtocol.pause Pausing ProtocolHandler ["http-nio-8080"]
31-Mar-2016 09:46:20.242 INFO [main] org.apache.coyote.AbstractProtocol.pause Pausing ProtocolHandler ["ajp-nio-8009"]
31-Mar-2016 09:46:20.294 INFO [main] org.apache.catalina.core.StandardService.stopInternal Stopping service Catalina
31-Mar-2016 09:46:20.372 INFO [main] org.apache.coyote.AbstractProtocol.stop Stopping ProtocolHandler ["http-nio-8080"]
31-Mar-2016 09:46:20.377 INFO [main] org.apache.coyote.AbstractProtocol.stop Stopping ProtocolHandler ["ajp-nio-8009"]
31-Mar-2016 09:46:20.382 INFO [main] org.apache.coyote.AbstractProtocol.destroy Destroying ProtocolHandler ["http-nio-8080"]
31-Mar-2016 09:46:20.385 INFO [main] org.apache.coyote.AbstractProtocol.destroy Destroying ProtocolHandler ["ajp-nio-8009"]
31-Mar-2016 09:46:23.079 INFO [main] org.apache.catalina.startup.VersionLoggerListener.log Server version:        Apache Tomcat/8.0.33
31-Mar-2016 09:46:23.082 INFO [main] org.apache.catalina.startup.VersionLoggerListener.log Server built:          Mar 18 2016 20:31:49 UTC
31-Mar-2016 09:46:23.083 INFO [main] org.apache.catalina.startup.VersionLoggerListener.log Server number:         8.0.33.0
31-Mar-2016 09:46:23.083 INFO [main] org.apache.catalina.startup.VersionLoggerListener.log OS Name:               Mac OS X
31-Mar-2016 09:46:23.084 INFO [main] org.apache.catalina.startup.VersionLoggerListener.log OS Version:            10.11.3
31-Mar-2016 09:46:23.084 INFO [main] org.apache.catalina.startup.VersionLoggerListener.log Architecture:          x86_64
31-Mar-2016 09:46:23.085 INFO [main] org.apache.catalina.startup.VersionLoggerListener.log Java Home:             /Library/Java/JavaVirtualMachines/jdk1.8.0_74.jdk/Contents/Home/jre
31-Mar-2016 09:46:23.085 INFO [main] org.apache.catalina.startup.VersionLoggerListener.log JVM Version:           1.8.0_74-b02
31-Mar-2016 09:46:23.086 INFO [main] org.apache.catalina.startup.VersionLoggerListener.log JVM Vendor:            Oracle Corporation
31-Mar-2016 09:46:23.086 INFO [main] org.apache.catalina.startup.VersionLoggerListener.log CATALINA_BASE:         /Users/maxymratoshniuk/Desktop/tomcat
31-Mar-2016 09:46:23.087 INFO [main] org.apache.catalina.startup.VersionLoggerListener.log CATALINA_HOME:         /Users/maxymratoshniuk/Desktop/tomcat
31-Mar-2016 09:46:23.088 INFO [main] org.apache.catalina.startup.VersionLoggerListener.log Command line argument: -Djava.util.logging.config.file=/Users/maxymratoshniuk/Desktop/tomcat/conf/logging.properties
31-Mar-2016 09:46:23.089 INFO [main] org.apache.catalina.startup.VersionLoggerListener.log Command line argument: -Djava.util.logging.manager=org.apache.juli.ClassLoaderLogManager
31-Mar-2016 09:46:23.089 INFO [main] org.apache.catalina.startup.VersionLoggerListener.log Command line argument: -Djava.endorsed.dirs=/Users/maxymratoshniuk/Desktop/tomcat/endorsed
31-Mar-2016 09:46:23.089 INFO [main] org.apache.catalina.startup.VersionLoggerListener.log Command line argument: -Dcatalina.base=/Users/maxymratoshniuk/Desktop/tomcat
31-Mar-2016 09:46:23.090 INFO [main] org.apache.catalina.startup.VersionLoggerListener.log Command line argument: -Dcatalina.home=/Users/maxymratoshniuk/Desktop/tomcat
31-Mar-2016 09:46:23.090 INFO [main] org.apache.catalina.startup.VersionLoggerListener.log Command line argument: -Djava.io.tmpdir=/Users/maxymratoshniuk/Desktop/tomcat/temp
31-Mar-2016 09:46:23.090 INFO [main] org.apache.catalina.core.AprLifecycleListener.lifecycleEvent The APR based Apache Tomcat Native library which allows optimal performance in production environments was not found on the java.library.path: /Users/maxymratoshniuk/Library/Java/Extensions:/Library/Java/Extensions:/Network/Library/Java/Extensions:/System/Library/Java/Extensions:/usr/lib/java:.
31-Mar-2016 09:46:23.356 INFO [main] org.apache.coyote.AbstractProtocol.init Initializing ProtocolHandler ["http-nio-8080"]
31-Mar-2016 09:46:23.425 INFO [main] org.apache.tomcat.util.net.NioSelectorPool.getSharedSelector Using a shared selector for servlet write/read
31-Mar-2016 09:46:23.431 INFO [main] org.apache.coyote.AbstractProtocol.init Initializing ProtocolHandler ["ajp-nio-8009"]
31-Mar-2016 09:46:23.434 INFO [main] org.apache.tomcat.util.net.NioSelectorPool.getSharedSelector Using a shared selector for servlet write/read
31-Mar-2016 09:46:23.437 INFO [main] org.apache.catalina.startup.Catalina.load Initialization processed in 1120 ms
31-Mar-2016 09:46:23.481 INFO [main] org.apache.catalina.core.StandardService.startInternal Starting service Catalina
31-Mar-2016 09:46:23.482 INFO [main] org.apache.catalina.core.StandardEngine.startInternal Starting Servlet Engine: Apache Tomcat/8.0.33
31-Mar-2016 09:46:23.492 INFO [localhost-startStop-1] org.apache.catalina.startup.HostConfig.deployDirectory Deploying web application directory /Users/maxymratoshniuk/Desktop/tomcat/webapps/docs
31-Mar-2016 09:46:23.988 INFO [localhost-startStop-1] org.apache.catalina.startup.HostConfig.deployDirectory Deployment of web application directory /Users/maxymratoshniuk/Desktop/tomcat/webapps/docs has finished in 495 ms
31-Mar-2016 09:46:23.989 INFO [localhost-startStop-1] org.apache.catalina.startup.HostConfig.deployDirectory Deploying web application directory /Users/maxymratoshniuk/Desktop/tomcat/webapps/examples
31-Mar-2016 09:46:24.523 INFO [localhost-startStop-1] org.apache.catalina.startup.HostConfig.deployDirectory Deployment of web application directory /Users/maxymratoshniuk/Desktop/tomcat/webapps/examples has finished in 534 ms
31-Mar-2016 09:46:24.525 INFO [localhost-startStop-1] org.apache.catalina.startup.HostConfig.deployDirectory Deploying web application directory /Users/maxymratoshniuk/Desktop/tomcat/webapps/host-manager
31-Mar-2016 09:46:24.578 INFO [localhost-startStop-1] org.apache.catalina.startup.HostConfig.deployDirectory Deployment of web application directory /Users/maxymratoshniuk/Desktop/tomcat/webapps/host-manager has finished in 53 ms
31-Mar-2016 09:46:24.581 INFO [localhost-startStop-1] org.apache.catalina.startup.HostConfig.deployDirectory Deploying web application directory /Users/maxymratoshniuk/Desktop/tomcat/webapps/manager
31-Mar-2016 09:46:24.628 INFO [localhost-startStop-1] org.apache.catalina.startup.HostConfig.deployDirectory Deployment of web application directory /Users/maxymratoshniuk/Desktop/tomcat/webapps/manager has finished in 46 ms
31-Mar-2016 09:46:24.628 INFO [localhost-startStop-1] org.apache.catalina.startup.HostConfig.deployDirectory Deploying web application directory /Users/maxymratoshniuk/Desktop/tomcat/webapps/ROOT
31-Mar-2016 09:46:27.154 INFO [localhost-startStop-1] org.apache.jasper.servlet.TldScanner.scanJars At least one JAR was scanned for TLDs yet contained no TLDs. Enable debug logging for this logger for a complete list of JARs that were scanned but no TLDs were found in them. Skipping unneeded JARs during scanning can improve startup time and JSP compilation time.
31-Mar-2016 09:46:29.363 INFO [localhost-startStop-1] org.apache.catalina.startup.HostConfig.deployDirectory Deployment of web application directory /Users/maxymratoshniuk/Desktop/tomcat/webapps/ROOT has finished in 4,731 ms
31-Mar-2016 09:46:29.368 INFO [main] org.apache.coyote.AbstractProtocol.start Starting ProtocolHandler ["http-nio-8080"]
31-Mar-2016 09:46:29.374 INFO [main] org.apache.coyote.AbstractProtocol.start Starting ProtocolHandler ["ajp-nio-8009"]
31-Mar-2016 09:46:29.375 INFO [main] org.apache.catalina.startup.Catalina.start Server startup in 5937 ms
31-Mar-2016 09:47:39.392 WARNING [main] org.apache.catalina.core.StandardServer.await StandardServer.await: Invalid command '' received
31-Mar-2016 09:56:28.223 INFO [Thread-5] org.apache.coyote.AbstractProtocol.pause Pausing ProtocolHandler ["http-nio-8080"]
