29-Mar-2016 12:28:26.118 INFO [Thread-5] org.apache.coyote.AbstractProtocol.pause Pausing ProtocolHandler ["http-nio-8080"]
29-Mar-2016 12:28:29.208 INFO [Thread-5] org.apache.coyote.AbstractProtocol.pause Pausing ProtocolHandler ["ajp-nio-8009"]
29-Mar-2016 12:28:29.259 INFO [Thread-5] org.apache.catalina.core.StandardService.stopInternal Stopping service Catalina
29-Mar-2016 12:28:29.313 INFO [Thread-5] org.apache.coyote.AbstractProtocol.stop Stopping ProtocolHandler ["http-nio-8080"]
29-Mar-2016 12:28:29.395 INFO [Thread-5] org.apache.coyote.AbstractProtocol.stop Stopping ProtocolHandler ["ajp-nio-8009"]
29-Mar-2016 12:28:29.398 INFO [Thread-5] org.apache.coyote.AbstractProtocol.destroy Destroying ProtocolHandler ["http-nio-8080"]
29-Mar-2016 12:28:29.400 INFO [Thread-5] org.apache.coyote.AbstractProtocol.destroy Destroying ProtocolHandler ["ajp-nio-8009"]
29-Mar-2016 17:24:26.228 INFO [main] org.apache.catalina.startup.VersionLoggerListener.log Server version:        Apache Tomcat/8.0.33
29-Mar-2016 17:24:26.230 INFO [main] org.apache.catalina.startup.VersionLoggerListener.log Server built:          Mar 18 2016 20:31:49 UTC
29-Mar-2016 17:24:26.230 INFO [main] org.apache.catalina.startup.VersionLoggerListener.log Server number:         8.0.33.0
29-Mar-2016 17:24:26.230 INFO [main] org.apache.catalina.startup.VersionLoggerListener.log OS Name:               Mac OS X
29-Mar-2016 17:24:26.230 INFO [main] org.apache.catalina.startup.VersionLoggerListener.log OS Version:            10.11.3
29-Mar-2016 17:24:26.230 INFO [main] org.apache.catalina.startup.VersionLoggerListener.log Architecture:          x86_64
29-Mar-2016 17:24:26.230 INFO [main] org.apache.catalina.startup.VersionLoggerListener.log Java Home:             /Library/Java/JavaVirtualMachines/jdk1.8.0_74.jdk/Contents/Home/jre
29-Mar-2016 17:24:26.231 INFO [main] org.apache.catalina.startup.VersionLoggerListener.log JVM Version:           1.8.0_74-b02
29-Mar-2016 17:24:26.231 INFO [main] org.apache.catalina.startup.VersionLoggerListener.log JVM Vendor:            Oracle Corporation
29-Mar-2016 17:24:26.231 INFO [main] org.apache.catalina.startup.VersionLoggerListener.log CATALINA_BASE:         /Users/maxymratoshniuk/Desktop/tomcat
29-Mar-2016 17:24:26.231 INFO [main] org.apache.catalina.startup.VersionLoggerListener.log CATALINA_HOME:         /Users/maxymratoshniuk/Desktop/tomcat
29-Mar-2016 17:24:26.232 INFO [main] org.apache.catalina.startup.VersionLoggerListener.log Command line argument: -Djava.util.logging.config.file=/Users/maxymratoshniuk/Desktop/tomcat/conf/logging.properties
29-Mar-2016 17:24:26.232 INFO [main] org.apache.catalina.startup.VersionLoggerListener.log Command line argument: -Djava.util.logging.manager=org.apache.juli.ClassLoaderLogManager
29-Mar-2016 17:24:26.232 INFO [main] org.apache.catalina.startup.VersionLoggerListener.log Command line argument: -Djava.endorsed.dirs=/Users/maxymratoshniuk/Desktop/tomcat/endorsed
29-Mar-2016 17:24:26.232 INFO [main] org.apache.catalina.startup.VersionLoggerListener.log Command line argument: -Dcatalina.base=/Users/maxymratoshniuk/Desktop/tomcat
29-Mar-2016 17:24:26.232 INFO [main] org.apache.catalina.startup.VersionLoggerListener.log Command line argument: -Dcatalina.home=/Users/maxymratoshniuk/Desktop/tomcat
29-Mar-2016 17:24:26.232 INFO [main] org.apache.catalina.startup.VersionLoggerListener.log Command line argument: -Djava.io.tmpdir=/Users/maxymratoshniuk/Desktop/tomcat/temp
29-Mar-2016 17:24:26.232 INFO [main] org.apache.catalina.core.AprLifecycleListener.lifecycleEvent The APR based Apache Tomcat Native library which allows optimal performance in production environments was not found on the java.library.path: /Users/maxymratoshniuk/Library/Java/Extensions:/Library/Java/Extensions:/Network/Library/Java/Extensions:/System/Library/Java/Extensions:/usr/lib/java:.
29-Mar-2016 17:24:26.548 INFO [main] org.apache.coyote.AbstractProtocol.init Initializing ProtocolHandler ["http-nio-8080"]
29-Mar-2016 17:24:26.618 INFO [main] org.apache.tomcat.util.net.NioSelectorPool.getSharedSelector Using a shared selector for servlet write/read
29-Mar-2016 17:24:26.622 INFO [main] org.apache.coyote.AbstractProtocol.init Initializing ProtocolHandler ["ajp-nio-8009"]
29-Mar-2016 17:24:26.624 INFO [main] org.apache.tomcat.util.net.NioSelectorPool.getSharedSelector Using a shared selector for servlet write/read
29-Mar-2016 17:24:26.624 INFO [main] org.apache.catalina.startup.Catalina.load Initialization processed in 1044 ms
29-Mar-2016 17:24:26.664 INFO [main] org.apache.catalina.core.StandardService.startInternal Starting service Catalina
29-Mar-2016 17:24:26.664 INFO [main] org.apache.catalina.core.StandardEngine.startInternal Starting Servlet Engine: Apache Tomcat/8.0.33
29-Mar-2016 17:24:26.677 INFO [localhost-startStop-1] org.apache.catalina.startup.HostConfig.deployDirectory Deploying web application directory /Users/maxymratoshniuk/Desktop/tomcat/webapps/docs
29-Mar-2016 17:24:27.132 INFO [localhost-startStop-1] org.apache.catalina.startup.HostConfig.deployDirectory Deployment of web application directory /Users/maxymratoshniuk/Desktop/tomcat/webapps/docs has finished in 454 ms
29-Mar-2016 17:24:27.133 INFO [localhost-startStop-1] org.apache.catalina.startup.HostConfig.deployDirectory Deploying web application directory /Users/maxymratoshniuk/Desktop/tomcat/webapps/examples
29-Mar-2016 17:24:27.831 INFO [localhost-startStop-1] org.apache.catalina.startup.HostConfig.deployDirectory Deployment of web application directory /Users/maxymratoshniuk/Desktop/tomcat/webapps/examples has finished in 699 ms
29-Mar-2016 17:24:27.831 INFO [localhost-startStop-1] org.apache.catalina.startup.HostConfig.deployDirectory Deploying web application directory /Users/maxymratoshniuk/Desktop/tomcat/webapps/host-manager
29-Mar-2016 17:24:27.869 INFO [localhost-startStop-1] org.apache.catalina.startup.HostConfig.deployDirectory Deployment of web application directory /Users/maxymratoshniuk/Desktop/tomcat/webapps/host-manager has finished in 38 ms
29-Mar-2016 17:24:27.872 INFO [localhost-startStop-1] org.apache.catalina.startup.HostConfig.deployDirectory Deploying web application directory /Users/maxymratoshniuk/Desktop/tomcat/webapps/manager
29-Mar-2016 17:24:27.907 INFO [localhost-startStop-1] org.apache.catalina.startup.HostConfig.deployDirectory Deployment of web application directory /Users/maxymratoshniuk/Desktop/tomcat/webapps/manager has finished in 35 ms
29-Mar-2016 17:24:27.907 INFO [localhost-startStop-1] org.apache.catalina.startup.HostConfig.deployDirectory Deploying web application directory /Users/maxymratoshniuk/Desktop/tomcat/webapps/ROOT
29-Mar-2016 17:24:27.996 INFO [localhost-startStop-1] org.apache.catalina.startup.HostConfig.deployDirectory Deployment of web application directory /Users/maxymratoshniuk/Desktop/tomcat/webapps/ROOT has finished in 88 ms
29-Mar-2016 17:24:28.006 INFO [main] org.apache.coyote.AbstractProtocol.start Starting ProtocolHandler ["http-nio-8080"]
29-Mar-2016 17:24:28.015 INFO [main] org.apache.coyote.AbstractProtocol.start Starting ProtocolHandler ["ajp-nio-8009"]
29-Mar-2016 17:24:28.019 INFO [main] org.apache.catalina.startup.Catalina.start Server startup in 1394 ms
29-Mar-2016 17:24:48.693 INFO [main] org.apache.catalina.core.StandardServer.await A valid shutdown command was received via the shutdown port. Stopping the Server instance.
29-Mar-2016 17:24:48.694 INFO [main] org.apache.coyote.AbstractProtocol.pause Pausing ProtocolHandler ["http-nio-8080"]
29-Mar-2016 17:24:48.750 INFO [main] org.apache.coyote.AbstractProtocol.pause Pausing ProtocolHandler ["ajp-nio-8009"]
29-Mar-2016 17:24:48.804 INFO [main] org.apache.catalina.core.StandardService.stopInternal Stopping service Catalina
29-Mar-2016 17:24:48.844 INFO [main] org.apache.coyote.AbstractProtocol.stop Stopping ProtocolHandler ["http-nio-8080"]
29-Mar-2016 17:24:48.849 INFO [main] org.apache.coyote.AbstractProtocol.stop Stopping ProtocolHandler ["ajp-nio-8009"]
29-Mar-2016 17:24:48.849 INFO [main] org.apache.coyote.AbstractProtocol.destroy Destroying ProtocolHandler ["http-nio-8080"]
29-Mar-2016 17:24:48.851 INFO [main] org.apache.coyote.AbstractProtocol.destroy Destroying ProtocolHandler ["ajp-nio-8009"]
