28-Mar-2016 13:55:08.917 INFO [main] org.apache.catalina.startup.VersionLoggerListener.log Server version:        Apache Tomcat/8.0.33
28-Mar-2016 13:55:08.919 INFO [main] org.apache.catalina.startup.VersionLoggerListener.log Server built:          Mar 18 2016 20:31:49 UTC
28-Mar-2016 13:55:08.919 INFO [main] org.apache.catalina.startup.VersionLoggerListener.log Server number:         8.0.33.0
28-Mar-2016 13:55:08.919 INFO [main] org.apache.catalina.startup.VersionLoggerListener.log OS Name:               Mac OS X
28-Mar-2016 13:55:08.920 INFO [main] org.apache.catalina.startup.VersionLoggerListener.log OS Version:            10.11.3
28-Mar-2016 13:55:08.920 INFO [main] org.apache.catalina.startup.VersionLoggerListener.log Architecture:          x86_64
28-Mar-2016 13:55:08.920 INFO [main] org.apache.catalina.startup.VersionLoggerListener.log Java Home:             /Library/Java/JavaVirtualMachines/jdk1.8.0_74.jdk/Contents/Home/jre
28-Mar-2016 13:55:08.920 INFO [main] org.apache.catalina.startup.VersionLoggerListener.log JVM Version:           1.8.0_74-b02
28-Mar-2016 13:55:08.920 INFO [main] org.apache.catalina.startup.VersionLoggerListener.log JVM Vendor:            Oracle Corporation
28-Mar-2016 13:55:08.920 INFO [main] org.apache.catalina.startup.VersionLoggerListener.log CATALINA_BASE:         /Users/maxymratoshniuk/Desktop/tomcat
28-Mar-2016 13:55:08.921 INFO [main] org.apache.catalina.startup.VersionLoggerListener.log CATALINA_HOME:         /Users/maxymratoshniuk/Desktop/tomcat
28-Mar-2016 13:55:08.922 INFO [main] org.apache.catalina.startup.VersionLoggerListener.log Command line argument: -Djava.util.logging.config.file=/Users/maxymratoshniuk/Desktop/tomcat/conf/logging.properties
28-Mar-2016 13:55:08.922 INFO [main] org.apache.catalina.startup.VersionLoggerListener.log Command line argument: -Djava.util.logging.manager=org.apache.juli.ClassLoaderLogManager
28-Mar-2016 13:55:08.922 INFO [main] org.apache.catalina.startup.VersionLoggerListener.log Command line argument: -Djava.endorsed.dirs=/Users/maxymratoshniuk/Desktop/tomcat/endorsed
28-Mar-2016 13:55:08.922 INFO [main] org.apache.catalina.startup.VersionLoggerListener.log Command line argument: -Dcatalina.base=/Users/maxymratoshniuk/Desktop/tomcat
28-Mar-2016 13:55:08.922 INFO [main] org.apache.catalina.startup.VersionLoggerListener.log Command line argument: -Dcatalina.home=/Users/maxymratoshniuk/Desktop/tomcat
28-Mar-2016 13:55:08.923 INFO [main] org.apache.catalina.startup.VersionLoggerListener.log Command line argument: -Djava.io.tmpdir=/Users/maxymratoshniuk/Desktop/tomcat/temp
28-Mar-2016 13:55:08.923 INFO [main] org.apache.catalina.core.AprLifecycleListener.lifecycleEvent The APR based Apache Tomcat Native library which allows optimal performance in production environments was not found on the java.library.path: /Users/maxymratoshniuk/Library/Java/Extensions:/Library/Java/Extensions:/Network/Library/Java/Extensions:/System/Library/Java/Extensions:/usr/lib/java:.
28-Mar-2016 13:55:09.197 INFO [main] org.apache.coyote.AbstractProtocol.init Initializing ProtocolHandler ["http-nio-8080"]
28-Mar-2016 13:55:09.296 INFO [main] org.apache.tomcat.util.net.NioSelectorPool.getSharedSelector Using a shared selector for servlet write/read
28-Mar-2016 13:55:09.300 INFO [main] org.apache.coyote.AbstractProtocol.init Initializing ProtocolHandler ["ajp-nio-8009"]
28-Mar-2016 13:55:09.301 INFO [main] org.apache.tomcat.util.net.NioSelectorPool.getSharedSelector Using a shared selector for servlet write/read
28-Mar-2016 13:55:09.302 INFO [main] org.apache.catalina.startup.Catalina.load Initialization processed in 1019 ms
28-Mar-2016 13:55:09.339 INFO [main] org.apache.catalina.core.StandardService.startInternal Starting service Catalina
28-Mar-2016 13:55:09.339 INFO [main] org.apache.catalina.core.StandardEngine.startInternal Starting Servlet Engine: Apache Tomcat/8.0.33
28-Mar-2016 13:55:09.348 INFO [localhost-startStop-1] org.apache.catalina.startup.HostConfig.deployDirectory Deploying web application directory /Users/maxymratoshniuk/Desktop/tomcat/webapps/docs
28-Mar-2016 13:55:09.876 INFO [localhost-startStop-1] org.apache.catalina.startup.HostConfig.deployDirectory Deployment of web application directory /Users/maxymratoshniuk/Desktop/tomcat/webapps/docs has finished in 528 ms
28-Mar-2016 13:55:09.877 INFO [localhost-startStop-1] org.apache.catalina.startup.HostConfig.deployDirectory Deploying web application directory /Users/maxymratoshniuk/Desktop/tomcat/webapps/examples
28-Mar-2016 13:55:10.541 INFO [localhost-startStop-1] org.apache.catalina.startup.HostConfig.deployDirectory Deployment of web application directory /Users/maxymratoshniuk/Desktop/tomcat/webapps/examples has finished in 664 ms
28-Mar-2016 13:55:10.541 INFO [localhost-startStop-1] org.apache.catalina.startup.HostConfig.deployDirectory Deploying web application directory /Users/maxymratoshniuk/Desktop/tomcat/webapps/host-manager
28-Mar-2016 13:55:10.577 INFO [localhost-startStop-1] org.apache.catalina.startup.HostConfig.deployDirectory Deployment of web application directory /Users/maxymratoshniuk/Desktop/tomcat/webapps/host-manager has finished in 35 ms
28-Mar-2016 13:55:10.577 INFO [localhost-startStop-1] org.apache.catalina.startup.HostConfig.deployDirectory Deploying web application directory /Users/maxymratoshniuk/Desktop/tomcat/webapps/manager
28-Mar-2016 13:55:10.829 INFO [localhost-startStop-1] org.apache.catalina.startup.HostConfig.deployDirectory Deployment of web application directory /Users/maxymratoshniuk/Desktop/tomcat/webapps/manager has finished in 252 ms
28-Mar-2016 13:55:10.829 INFO [localhost-startStop-1] org.apache.catalina.startup.HostConfig.deployDirectory Deploying web application directory /Users/maxymratoshniuk/Desktop/tomcat/webapps/ROOT
28-Mar-2016 13:55:10.859 INFO [localhost-startStop-1] org.apache.catalina.startup.HostConfig.deployDirectory Deployment of web application directory /Users/maxymratoshniuk/Desktop/tomcat/webapps/ROOT has finished in 30 ms
28-Mar-2016 13:55:10.863 INFO [main] org.apache.coyote.AbstractProtocol.start Starting ProtocolHandler ["http-nio-8080"]
28-Mar-2016 13:55:10.869 INFO [main] org.apache.coyote.AbstractProtocol.start Starting ProtocolHandler ["ajp-nio-8009"]
28-Mar-2016 13:55:10.870 INFO [main] org.apache.catalina.startup.Catalina.start Server startup in 1567 ms
28-Mar-2016 13:55:18.504 WARNING [main] org.apache.catalina.core.StandardServer.await StandardServer.await: Invalid command '' received
